<?xml version="1.0" encoding="UTF-8"?>
<testng-results ignored="2" total="3" passed="1" failed="0" skipped="0">
  <reporter-output>
  </reporter-output>
  <suite started-at="2023-07-27T23:14:02 IST" name="Default suite" finished-at="2023-07-27T23:15:00 IST" duration-ms="58099">
    <groups>
    </groups>
    <test started-at="2023-07-27T23:14:02 IST" name="Default test" finished-at="2023-07-27T23:15:00 IST" duration-ms="58099">
      <class name="practice.MyPractice">
        <test-method signature="toFetchFlightPriceFromMakeMyTrip()[pri:0, instance:practice.MyPractice@bd4dc25]" started-at="2023-07-27T23:14:02 IST" name="toFetchFlightPriceFromMakeMyTrip" finished-at="2023-07-27T23:15:00 IST" duration-ms="58018" status="PASS">
          <reporter-output>
          </reporter-output>
        </test-method> <!-- toFetchFlightPriceFromMakeMyTrip -->
      </class> <!-- practice.MyPractice -->
    </test> <!-- Default test -->
  </suite> <!-- Default suite -->
</testng-results>
