<?xml version="1.0" encoding="UTF-8"?>
<testng-results ignored="2" total="4" passed="2" failed="0" skipped="0">
  <reporter-output>
  </reporter-output>
  <suite started-at="2023-06-17T19:09:49 IST" name="Default suite" finished-at="2023-06-17T19:10:58 IST" duration-ms="69113">
    <groups>
    </groups>
    <test started-at="2023-06-17T19:09:49 IST" name="Default test" finished-at="2023-06-17T19:10:58 IST" duration-ms="69113">
      <class name="vtiger.produt_module_test.ToCreateProductTest">
        <test-method is-config="true" signature="bsconfig()[pri:0, instance:vtiger.produt_module_test.ToCreateProductTest@23c30a20]" started-at="2023-06-17T19:09:48 IST" name="bsconfig" finished-at="2023-06-17T19:09:49 IST" duration-ms="450" status="PASS">
          <reporter-output>
          </reporter-output>
        </test-method> <!-- bsconfig -->
        <test-method is-config="true" signature="bcconfig()[pri:0, instance:vtiger.produt_module_test.ToCreateProductTest@23c30a20]" started-at="2023-06-17T19:09:49 IST" name="bcconfig" finished-at="2023-06-17T19:10:00 IST" duration-ms="11194" status="PASS">
          <reporter-output>
          </reporter-output>
        </test-method> <!-- bcconfig -->
        <test-method is-config="true" signature="bmconfig()[pri:0, instance:vtiger.produt_module_test.ToCreateProductTest@23c30a20]" started-at="2023-06-17T19:10:00 IST" name="bmconfig" finished-at="2023-06-17T19:10:05 IST" duration-ms="4855" status="PASS">
          <reporter-output>
          </reporter-output>
        </test-method> <!-- bmconfig -->
        <test-method signature="toCreateProductAndVerifyProductName()[pri:0, instance:vtiger.produt_module_test.ToCreateProductTest@23c30a20]" started-at="2023-06-17T19:10:05 IST" name="toCreateProductAndVerifyProductName" finished-at="2023-06-17T19:10:30 IST" duration-ms="24959" status="PASS">
          <reporter-output>
          </reporter-output>
        </test-method> <!-- toCreateProductAndVerifyProductName -->
        <test-method is-config="true" signature="amconfig()[pri:0, instance:vtiger.produt_module_test.ToCreateProductTest@23c30a20]" started-at="2023-06-17T19:10:30 IST" name="amconfig" finished-at="2023-06-17T19:10:32 IST" duration-ms="1769" status="PASS">
          <reporter-output>
          </reporter-output>
        </test-method> <!-- amconfig -->
        <test-method is-config="true" signature="acconfig()[pri:0, instance:vtiger.produt_module_test.ToCreateProductTest@23c30a20]" started-at="2023-06-17T19:10:32 IST" name="acconfig" finished-at="2023-06-17T19:10:33 IST" duration-ms="686" status="PASS">
          <reporter-output>
          </reporter-output>
        </test-method> <!-- acconfig -->
        <test-method is-config="true" signature="asconfig()[pri:0, instance:vtiger.produt_module_test.ToCreateProductTest@23c30a20]" started-at="2023-06-17T19:10:58 IST" name="asconfig" finished-at="2023-06-17T19:10:58 IST" duration-ms="13" status="PASS">
          <reporter-output>
          </reporter-output>
        </test-method> <!-- asconfig -->
      </class> <!-- vtiger.produt_module_test.ToCreateProductTest -->
      <class name="vtiger.lead_module_test.ToVerifyLeadInfoTest">
        <test-method is-config="true" signature="bcconfig()[pri:0, instance:vtiger.lead_module_test.ToVerifyLeadInfoTest@27462a88]" started-at="2023-06-17T19:10:33 IST" name="bcconfig" finished-at="2023-06-17T19:10:36 IST" duration-ms="3329" status="PASS">
          <reporter-output>
          </reporter-output>
        </test-method> <!-- bcconfig -->
        <test-method is-config="true" signature="bmconfig()[pri:0, instance:vtiger.lead_module_test.ToVerifyLeadInfoTest@27462a88]" started-at="2023-06-17T19:10:36 IST" name="bmconfig" finished-at="2023-06-17T19:10:41 IST" duration-ms="4833" status="PASS">
          <reporter-output>
          </reporter-output>
        </test-method> <!-- bmconfig -->
        <test-method signature="toCreateLeadAndToVerifyLeadInfoTest()[pri:0, instance:vtiger.lead_module_test.ToVerifyLeadInfoTest@27462a88]" started-at="2023-06-17T19:10:41 IST" name="toCreateLeadAndToVerifyLeadInfoTest" finished-at="2023-06-17T19:10:55 IST" duration-ms="14515" status="PASS">
          <reporter-output>
          </reporter-output>
        </test-method> <!-- toCreateLeadAndToVerifyLeadInfoTest -->
        <test-method is-config="true" signature="amconfig()[pri:0, instance:vtiger.lead_module_test.ToVerifyLeadInfoTest@27462a88]" started-at="2023-06-17T19:10:55 IST" name="amconfig" finished-at="2023-06-17T19:10:57 IST" duration-ms="2011" status="PASS">
          <reporter-output>
          </reporter-output>
        </test-method> <!-- amconfig -->
        <test-method is-config="true" signature="acconfig()[pri:0, instance:vtiger.lead_module_test.ToVerifyLeadInfoTest@27462a88]" started-at="2023-06-17T19:10:57 IST" name="acconfig" finished-at="2023-06-17T19:10:58 IST" duration-ms="349" status="PASS">
          <reporter-output>
          </reporter-output>
        </test-method> <!-- acconfig -->
      </class> <!-- vtiger.lead_module_test.ToVerifyLeadInfoTest -->
    </test> <!-- Default test -->
  </suite> <!-- Default suite -->
</testng-results>
