<?xml version="1.0" encoding="UTF-8"?>
<!-- Generated by org.testng.reporters.JUnitXMLReporter -->
<testsuite ignored="2" hostname="ilu" failures="0" tests="2" name="Test" time="66.379" errors="0" timestamp="2024-09-02T09:14:03 IST">
  <testcase classname="vtiger.lead_module_test.ToVerifyLeadInfoTest" name="toCreateLeadAndToVerifyLeadInfoTest" time="18.66"/>
  <testcase classname="vtiger.produt_module_test.ToCreateProductTest" name="toCreateProductAndVerifyProductName" time="21.039"/>
  <testcase classname="vtiger.genericUtility.BaseClass" name="@AfterSuite asconfig" time="0.0">
    <ignored/>
  </testcase> <!-- @AfterSuite asconfig -->
  <testcase classname="vtiger.genericUtility.BaseClass" name="@BeforeSuite bsconfig" time="0.0">
    <ignored/>
  </testcase> <!-- @BeforeSuite bsconfig -->
</testsuite> <!-- Test -->
