<?xml version="1.0" encoding="UTF-8"?>
<!-- Generated by org.testng.reporters.JUnitXMLReporter -->
<testsuite ignored="2" hostname="DESKTOP-22IL9GP" failures="0" tests="1" name="Default test" time="58.099" errors="0" timestamp="2023-07-27T23:15:01 IST">
  <testcase classname="practice.MyPractice" name="toFetchFlightPriceFromMakeMyTrip" time="58.018"/>
  <testcase classname="practice.MyPractice" name="testMakeMyTripCalendar" time="0.0">
    <ignored/>
  </testcase> <!-- testMakeMyTripCalendar -->
  <testcase classname="practice.MyPractice" name="testSpiceJetCalendar" time="0.0">
    <ignored/>
  </testcase> <!-- testSpiceJetCalendar -->
</testsuite> <!-- Default test -->
