<?xml version="1.0" encoding="UTF-8"?>
<!-- Generated by org.testng.reporters.JUnitXMLReporter -->
<testsuite ignored="2" hostname="DESKTOP-22IL9GP" failures="0" tests="2" name="Default test" time="69.113" errors="0" timestamp="2023-06-17T19:10:58 IST">
  <testcase classname="vtiger.produt_module_test.ToCreateProductTest" name="toCreateProductAndVerifyProductName" time="24.959"/>
  <testcase classname="vtiger.lead_module_test.ToVerifyLeadInfoTest" name="toCreateLeadAndToVerifyLeadInfoTest" time="14.515"/>
  <testcase classname="vtiger.genericUtility.BaseClass" name="@AfterSuite asconfig" time="0.0">
    <ignored/>
  </testcase> <!-- @AfterSuite asconfig -->
  <testcase classname="vtiger.genericUtility.BaseClass" name="@BeforeSuite bsconfig" time="0.0">
    <ignored/>
  </testcase> <!-- @BeforeSuite bsconfig -->
</testsuite> <!-- Default test -->
